<?xml version="1.0" encoding="UTF-8"?>
<!-- Generated by org.testng.reporters.JUnitReportReporter -->
<testsuite hostname="Dungeon-masters-MacBook-Air.local" failures="0" tests="1" name="royanmobiletesting.ButtonPressed" time="5.192" errors="0" timestamp="2025-08-07T00:47:09 IST" skipped="0">
  <testcase classname="royanmobiletesting.ButtonPressed" name="BtnPressed" time="5.192"/>
</testsuite> <!-- royanmobiletesting.ButtonPressed -->
