<?xml version="1.0" encoding="UTF-8"?>
<!-- Generated by org.testng.reporters.JUnitReportReporter -->
<testsuite hostname="Dungeon-masters-MacBook-Air.local" failures="0" tests="1" name="royanmobiletesting.StackViewPress" time="13.352" errors="0" timestamp="2025-08-07T18:20:48 IST" skipped="0">
  <testcase classname="royanmobiletesting.StackViewPress" name="StackViewPressed" time="13.352"/>
</testsuite> <!-- royanmobiletesting.StackViewPress -->
