<?xml version="1.0" encoding="UTF-8"?>
<!-- Generated by org.testng.reporters.JUnitReportReporter -->
<testsuite hostname="Dungeon-masters-MacBook-Air.local" failures="0" tests="1" name="royanmobiletesting.SliderView" time="16.588" errors="0" timestamp="2025-08-08T02:02:51 IST" skipped="0">
  <testcase classname="royanmobiletesting.SliderView" name="SliderViews" time="16.588"/>
</testsuite> <!-- royanmobiletesting.SliderView -->
