<?xml version="1.0" encoding="UTF-8"?>
<!-- Generated by org.testng.reporters.JUnitReportReporter -->
<testsuite hostname="Dungeon-masters-MacBook-Air.local" failures="0" tests="1" name="royanmobiletesting.KeyPressed" time="2.956" errors="0" timestamp="2025-08-07T00:22:25 IST" skipped="0">
  <testcase classname="royanmobiletesting.KeyPressed" name="KeyPressBtn" time="2.956"/>
</testsuite> <!-- royanmobiletesting.KeyPressed -->
