<?xml version="1.0" encoding="UTF-8"?>
<!-- Generated by org.testng.reporters.JUnitReportReporter -->
<testsuite hostname="Dungeon-masters-MacBook-Air.local" failures="0" tests="1" name="royanmobiletesting.IOSBasics" time="6.647" errors="0" timestamp="2025-08-06T22:59:48 IST" skipped="0">
  <testcase classname="royanmobiletesting.IOSBasics" name="IOSBasic" time="6.647"/>
</testsuite> <!-- royanmobiletesting.IOSBasics -->
