<?xml version="1.0" encoding="UTF-8"?>
<!-- Generated by org.testng.reporters.JUnitReportReporter -->
<testsuite hostname="Dungeon-masters-MacBook-Air.local" failures="0" tests="1" name="royanmobiletesting.datePickerPress" time="9.512" errors="0" timestamp="2025-08-07T15:37:35 IST" skipped="0">
  <testcase classname="royanmobiletesting.datePickerPress" name="DatePickerPressed" time="9.512"/>
</testsuite> <!-- royanmobiletesting.datePickerPress -->
