<?xml version="1.0" encoding="UTF-8"?>
<!-- Generated by org.testng.reporters.JUnitReportReporter -->
<testsuite hostname="Dungeon-masters-MacBook-Air.local" failures="0" tests="1" name="royanmobiletesting.PickerView" time="16.978" errors="0" timestamp="2025-08-07T16:35:25 IST" skipped="0">
  <testcase classname="royanmobiletesting.PickerView" name="PickerViews" time="16.978"/>
</testsuite> <!-- royanmobiletesting.PickerView -->
