<?xml version="1.0" encoding="UTF-8"?>
<!-- Generated by org.testng.reporters.JUnitReportReporter -->
<testsuite hostname="Dungeon-masters-MacBook-Air.local" failures="0" tests="1" name="royanmobiletesting.ToggleSwitch" time="14.739" errors="0" timestamp="2025-08-08T02:27:39 IST" skipped="0">
  <testcase classname="royanmobiletesting.ToggleSwitch" name="ToggleSwitchPress" time="14.739"/>
</testsuite> <!-- royanmobiletesting.ToggleSwitch -->
