<?xml version="1.0" encoding="UTF-8"?>
<!-- Generated by org.testng.reporters.JUnitReportReporter -->
<testsuite hostname="Dungeon-masters-MacBook-Air.local" failures="0" tests="1" name="royanmobiletesting.WebView" time="6.197" errors="0" timestamp="2025-08-07T19:17:46 IST" skipped="0">
  <testcase classname="royanmobiletesting.WebView" name="WebViewPress" time="6.197"/>
</testsuite> <!-- royanmobiletesting.WebView -->
