<?xml version="1.0" encoding="UTF-8"?>
<!-- Generated by org.testng.reporters.JUnitReportReporter -->
<testsuite hostname="Dungeon-masters-MacBook-Air.local" failures="0" tests="1" name="royanmobiletesting.PageControl" time="4.541" errors="0" timestamp="2025-08-07T16:10:27 IST" skipped="0">
  <testcase classname="royanmobiletesting.PageControl" name="PageController" time="4.541"/>
</testsuite> <!-- royanmobiletesting.PageControl -->
