<?xml version="1.0" encoding="UTF-8"?>
<!-- Generated by org.testng.reporters.JUnitReportReporter -->
<testsuite hostname="Dungeon-masters-MacBook-Air.local" failures="0" tests="1" name="royanmobiletesting.ImagePicker" time="1.558" errors="0" timestamp="2025-08-07T15:59:32 IST" skipped="0">
  <testcase classname="royanmobiletesting.ImagePicker" name="ImagePickered" time="1.558"/>
</testsuite> <!-- royanmobiletesting.ImagePicker -->
