<?xml version="1.0" encoding="UTF-8"?>
<!-- Generated by org.testng.reporters.JUnitReportReporter -->
<testsuite hostname="Dungeon-masters-MacBook-Air.local" failures="0" tests="1" name="royanmobiletesting.ProgressView" time="18.693" errors="0" timestamp="2025-08-07T16:46:05 IST" skipped="0">
  <testcase classname="royanmobiletesting.ProgressView" name="ProgressViews" time="18.693"/>
</testsuite> <!-- royanmobiletesting.ProgressView -->
