<?xml version="1.0" encoding="UTF-8"?>
<!-- Generated by org.testng.reporters.JUnitReportReporter -->
<testsuite hostname="Dungeon-masters-MacBook-Air.local" failures="0" tests="1" name="royanmobiletesting.TextFieldPress" time="21.178" errors="0" timestamp="2025-08-08T02:13:34 IST" skipped="0">
  <testcase classname="royanmobiletesting.TextFieldPress" name="TextFieldPressed" time="21.178"/>
</testsuite> <!-- royanmobiletesting.TextFieldPress -->
