<?xml version="1.0" encoding="UTF-8"?>
<!-- Generated by org.testng.reporters.JUnitReportReporter -->
<testsuite hostname="Dungeon-masters-MacBook-Air.local" failures="0" tests="1" name="royanmobiletesting.StepperPress" time="17.571" errors="0" timestamp="2025-08-07T23:21:36 IST" skipped="0">
  <testcase classname="royanmobiletesting.StepperPress" name="StepperPressed" time="17.571"/>
</testsuite> <!-- royanmobiletesting.StepperPress -->
